CRITICAL - 2024-10-24 17:47:30 --> CodeIgniter\Exceptions\FrameworkException: The framework needs the following extension(s) installed and loaded: intl.
in SYSTEMPATH\CodeIgniter.php on line 252.
 1 SYSTEMPATH\CodeIgniter.php(252): CodeIgniter\Exceptions\FrameworkException::forMissingExtension('intl')
 2 SYSTEMPATH\CodeIgniter.php(214): CodeIgniter\CodeIgniter->resolvePlatformExtensions()
 3 FCPATH\index.php(67): CodeIgniter\CodeIgniter->initialize()
ERROR - 2024-10-24 15:56:29 --> mysqli_sql_exception: Unknown column 'product_tbl.product_price' in 'field list' in C:\xampp\htdocs\projects\petz24\system\Database\MySQLi\Connection.php:306
Stack trace:
#0 C:\xampp\htdocs\projects\petz24\system\Database\MySQLi\Connection.php(306): mysqli->query('SELECT `product...', 0)
#1 C:\xampp\htdocs\projects\petz24\system\Database\BaseConnection.php(693): CodeIgniter\Database\MySQLi\Connection->execute('SELECT `product...')
#2 C:\xampp\htdocs\projects\petz24\system\Database\BaseConnection.php(607): CodeIgniter\Database\BaseConnection->simpleQuery('SELECT `product...')
#3 C:\xampp\htdocs\projects\petz24\system\Database\BaseBuilder.php(1616): CodeIgniter\Database\BaseConnection->query('SELECT `product...', Array, false)
#4 C:\xampp\htdocs\projects\petz24\app\Controllers\Workflow_Product.php(123): CodeIgniter\Database\BaseBuilder->get()
#5 C:\xampp\htdocs\projects\petz24\system\CodeIgniter.php(941): App\Controllers\Workflow_Product->getSpecificProduct()
#6 C:\xampp\htdocs\projects\petz24\system\CodeIgniter.php(502): CodeIgniter\CodeIgniter->runController(Object(App\Controllers\Workflow_Product))
#7 C:\xampp\htdocs\projects\petz24\system\CodeIgniter.php(361): CodeIgniter\CodeIgniter->handleRequest(NULL, Object(Config\Cache), false)
#8 C:\xampp\htdocs\projects\petz24\index.php(79): CodeIgniter\CodeIgniter->run()
#9 {main}
CRITICAL - 2024-10-24 15:56:29 --> CodeIgniter\Database\Exceptions\DatabaseException: Unknown column 'product_tbl.product_price' in 'field list'
in SYSTEMPATH\Database\BaseConnection.php on line 647.
 1 SYSTEMPATH\Database\BaseBuilder.php(1616): CodeIgniter\Database\BaseConnection->query('SELECT `product_tbl`.`product_id` as `product_id`, `product_tbl`.`pet_id` as `pet_id`, `product_tbl`.`product_price` as `product_price`, `product_tbl`.`brand_id` as `brand_id`, `product_tbl`.`breed_id` as `breed_id`, `product_tbl`.`product_type_id` as `product_type_id`, `product_tbl`.`product_category_id` as `product_category_id`, `product_tbl`.`name` as `name`, `product_tbl`.`summery` as `summery`, `product_tbl`.`description` as `description`, `product_tbl`.`instruction` as `instruction`, `pet_tbl`.`pet_name` as `pet_name`, `brand_tbl`.`brand_name` as `brand_name`, `breed_tbl`.`breed_name` as `breed_name`, `product_type_tbl`.`type` as `type`, `product_category_tbl`.`category` as `category`, GROUP_CONCAT(product_img_tbl.url ORDER BY product_img_tbl.product_img_id SEPARATOR ", ") as product_img
FROM `product_tbl`
INNER JOIN `product_category_tbl` ON `product_category_tbl`.`product_category_id` = `product_tbl`.`product_category_id`
INNER JOIN `product_type_tbl` ON `product_type_tbl`.`product_type_id` = `product_tbl`.`product_type_id`
INNER JOIN `pet_tbl` ON `pet_tbl`.`pet_id` = `product_tbl`.`pet_id`
INNER JOIN `brand_tbl` ON `brand_tbl`.`brand_id` = `product_tbl`.`brand_id`
INNER JOIN `breed_tbl` ON `breed_tbl`.`breed_id` = `product_tbl`.`breed_id`
INNER JOIN `product_img_tbl` ON `product_img_tbl`.`product_id` = `product_tbl`.`product_id`
WHERE `pet_tbl`.`flag` = :pet_tbl.flag:
AND `product_type_tbl`.`flag` = :product_type_tbl.flag:
AND `product_category_tbl`.`flag` = :product_category_tbl.flag:
AND `product_tbl`.`flag` = :product_tbl.flag:
AND `brand_tbl`.`flag` = :brand_tbl.flag:
AND `breed_tbl`.`flag` = :breed_tbl.flag:
AND `product_img_tbl`.`flag` = :product_img_tbl.flag:
AND `pet_tbl`.`pet_name` = :pet_tbl.pet_name:
AND `product_type_tbl`.`type` = :product_type_tbl.type:
AND `product_category_tbl`.`category` = :product_category_tbl.category:
GROUP BY `product_tbl`.`product_id`', [...], false)
 2 APPPATH\Controllers\Workflow_Product.php(123): CodeIgniter\Database\BaseBuilder->get()
 3 SYSTEMPATH\CodeIgniter.php(941): App\Controllers\Workflow_Product->getSpecificProduct()
 4 SYSTEMPATH\CodeIgniter.php(502): CodeIgniter\CodeIgniter->runController(Object(App\Controllers\Workflow_Product))
 5 SYSTEMPATH\CodeIgniter.php(361): CodeIgniter\CodeIgniter->handleRequest(null, Object(Config\Cache), false)
 6 FCPATH\index.php(79): CodeIgniter\CodeIgniter->run()
CRITICAL - 2024-10-24 15:56:29 --> [Caused by] CodeIgniter\Database\Exceptions\DatabaseException: Unknown column 'product_tbl.product_price' in 'field list'
in SYSTEMPATH\Database\MySQLi\Connection.php on line 311.
 1 SYSTEMPATH\Database\BaseConnection.php(693): CodeIgniter\Database\MySQLi\Connection->execute('SELECT `product_tbl`.`product_id` as `product_id`, `product_tbl`.`pet_id` as `pet_id`, `product_tbl`.`product_price` as `product_price`, `product_tbl`.`brand_id` as `brand_id`, `product_tbl`.`breed_id` as `breed_id`, `product_tbl`.`product_type_id` as `product_type_id`, `product_tbl`.`product_category_id` as `product_category_id`, `product_tbl`.`name` as `name`, `product_tbl`.`summery` as `summery`, `product_tbl`.`description` as `description`, `product_tbl`.`instruction` as `instruction`, `pet_tbl`.`pet_name` as `pet_name`, `brand_tbl`.`brand_name` as `brand_name`, `breed_tbl`.`breed_name` as `breed_name`, `product_type_tbl`.`type` as `type`, `product_category_tbl`.`category` as `category`, GROUP_CONCAT(product_img_tbl.url ORDER BY product_img_tbl.product_img_id SEPARATOR ", ") as product_img
FROM `product_tbl`
INNER JOIN `product_category_tbl` ON `product_category_tbl`.`product_category_id` = `product_tbl`.`product_category_id`
INNER JOIN `product_type_tbl` ON `product_type_tbl`.`product_type_id` = `product_tbl`.`product_type_id`
INNER JOIN `pet_tbl` ON `pet_tbl`.`pet_id` = `product_tbl`.`pet_id`
INNER JOIN `brand_tbl` ON `brand_tbl`.`brand_id` = `product_tbl`.`brand_id`
INNER JOIN `breed_tbl` ON `breed_tbl`.`breed_id` = `product_tbl`.`breed_id`
INNER JOIN `product_img_tbl` ON `product_img_tbl`.`product_id` = `product_tbl`.`product_id`
WHERE `pet_tbl`.`flag` = 1
AND `product_type_tbl`.`flag` = 1
AND `product_category_tbl`.`flag` = 1
AND `product_tbl`.`flag` = 1
AND `brand_tbl`.`flag` = 1
AND `breed_tbl`.`flag` = 1
AND `product_img_tbl`.`flag` = 1
AND `pet_tbl`.`pet_name` = \'dog\'
AND `product_type_tbl`.`type` = \'grooming\'
AND `product_category_tbl`.`category` = \'calcium & milk chews\'
GROUP BY `product_tbl`.`product_id`')
 2 SYSTEMPATH\Database\BaseConnection.php(607): CodeIgniter\Database\BaseConnection->simpleQuery('SELECT `product_tbl`.`product_id` as `product_id`, `product_tbl`.`pet_id` as `pet_id`, `product_tbl`.`product_price` as `product_price`, `product_tbl`.`brand_id` as `brand_id`, `product_tbl`.`breed_id` as `breed_id`, `product_tbl`.`product_type_id` as `product_type_id`, `product_tbl`.`product_category_id` as `product_category_id`, `product_tbl`.`name` as `name`, `product_tbl`.`summery` as `summery`, `product_tbl`.`description` as `description`, `product_tbl`.`instruction` as `instruction`, `pet_tbl`.`pet_name` as `pet_name`, `brand_tbl`.`brand_name` as `brand_name`, `breed_tbl`.`breed_name` as `breed_name`, `product_type_tbl`.`type` as `type`, `product_category_tbl`.`category` as `category`, GROUP_CONCAT(product_img_tbl.url ORDER BY product_img_tbl.product_img_id SEPARATOR ", ") as product_img
FROM `product_tbl`
INNER JOIN `product_category_tbl` ON `product_category_tbl`.`product_category_id` = `product_tbl`.`product_category_id`
INNER JOIN `product_type_tbl` ON `product_type_tbl`.`product_type_id` = `product_tbl`.`product_type_id`
INNER JOIN `pet_tbl` ON `pet_tbl`.`pet_id` = `product_tbl`.`pet_id`
INNER JOIN `brand_tbl` ON `brand_tbl`.`brand_id` = `product_tbl`.`brand_id`
INNER JOIN `breed_tbl` ON `breed_tbl`.`breed_id` = `product_tbl`.`breed_id`
INNER JOIN `product_img_tbl` ON `product_img_tbl`.`product_id` = `product_tbl`.`product_id`
WHERE `pet_tbl`.`flag` = 1
AND `product_type_tbl`.`flag` = 1
AND `product_category_tbl`.`flag` = 1
AND `product_tbl`.`flag` = 1
AND `brand_tbl`.`flag` = 1
AND `breed_tbl`.`flag` = 1
AND `product_img_tbl`.`flag` = 1
AND `pet_tbl`.`pet_name` = \'dog\'
AND `product_type_tbl`.`type` = \'grooming\'
AND `product_category_tbl`.`category` = \'calcium & milk chews\'
GROUP BY `product_tbl`.`product_id`')
 3 SYSTEMPATH\Database\BaseBuilder.php(1616): CodeIgniter\Database\BaseConnection->query('SELECT `product_tbl`.`product_id` as `product_id`, `product_tbl`.`pet_id` as `pet_id`, `product_tbl`.`product_price` as `product_price`, `product_tbl`.`brand_id` as `brand_id`, `product_tbl`.`breed_id` as `breed_id`, `product_tbl`.`product_type_id` as `product_type_id`, `product_tbl`.`product_category_id` as `product_category_id`, `product_tbl`.`name` as `name`, `product_tbl`.`summery` as `summery`, `product_tbl`.`description` as `description`, `product_tbl`.`instruction` as `instruction`, `pet_tbl`.`pet_name` as `pet_name`, `brand_tbl`.`brand_name` as `brand_name`, `breed_tbl`.`breed_name` as `breed_name`, `product_type_tbl`.`type` as `type`, `product_category_tbl`.`category` as `category`, GROUP_CONCAT(product_img_tbl.url ORDER BY product_img_tbl.product_img_id SEPARATOR ", ") as product_img
FROM `product_tbl`
INNER JOIN `product_category_tbl` ON `product_category_tbl`.`product_category_id` = `product_tbl`.`product_category_id`
INNER JOIN `product_type_tbl` ON `product_type_tbl`.`product_type_id` = `product_tbl`.`product_type_id`
INNER JOIN `pet_tbl` ON `pet_tbl`.`pet_id` = `product_tbl`.`pet_id`
INNER JOIN `brand_tbl` ON `brand_tbl`.`brand_id` = `product_tbl`.`brand_id`
INNER JOIN `breed_tbl` ON `breed_tbl`.`breed_id` = `product_tbl`.`breed_id`
INNER JOIN `product_img_tbl` ON `product_img_tbl`.`product_id` = `product_tbl`.`product_id`
WHERE `pet_tbl`.`flag` = :pet_tbl.flag:
AND `product_type_tbl`.`flag` = :product_type_tbl.flag:
AND `product_category_tbl`.`flag` = :product_category_tbl.flag:
AND `product_tbl`.`flag` = :product_tbl.flag:
AND `brand_tbl`.`flag` = :brand_tbl.flag:
AND `breed_tbl`.`flag` = :breed_tbl.flag:
AND `product_img_tbl`.`flag` = :product_img_tbl.flag:
AND `pet_tbl`.`pet_name` = :pet_tbl.pet_name:
AND `product_type_tbl`.`type` = :product_type_tbl.type:
AND `product_category_tbl`.`category` = :product_category_tbl.category:
GROUP BY `product_tbl`.`product_id`', [...], false)
 4 APPPATH\Controllers\Workflow_Product.php(123): CodeIgniter\Database\BaseBuilder->get()
 5 SYSTEMPATH\CodeIgniter.php(941): App\Controllers\Workflow_Product->getSpecificProduct()
 6 SYSTEMPATH\CodeIgniter.php(502): CodeIgniter\CodeIgniter->runController(Object(App\Controllers\Workflow_Product))
 7 SYSTEMPATH\CodeIgniter.php(361): CodeIgniter\CodeIgniter->handleRequest(null, Object(Config\Cache), false)
 8 FCPATH\index.php(79): CodeIgniter\CodeIgniter->run()
CRITICAL - 2024-10-24 15:56:29 --> [Caused by] mysqli_sql_exception: Unknown column 'product_tbl.product_price' in 'field list'
in SYSTEMPATH\Database\MySQLi\Connection.php on line 306.
 1 SYSTEMPATH\Database\MySQLi\Connection.php(306): mysqli->query('SELECT `product_tbl`.`product_id` as `product_id`, `product_tbl`.`pet_id` as `pet_id`, `product_tbl`.`product_price` as `product_price`, `product_tbl`.`brand_id` as `brand_id`, `product_tbl`.`breed_id` as `breed_id`, `product_tbl`.`product_type_id` as `product_type_id`, `product_tbl`.`product_category_id` as `product_category_id`, `product_tbl`.`name` as `name`, `product_tbl`.`summery` as `summery`, `product_tbl`.`description` as `description`, `product_tbl`.`instruction` as `instruction`, `pet_tbl`.`pet_name` as `pet_name`, `brand_tbl`.`brand_name` as `brand_name`, `breed_tbl`.`breed_name` as `breed_name`, `product_type_tbl`.`type` as `type`, `product_category_tbl`.`category` as `category`, GROUP_CONCAT(product_img_tbl.url ORDER BY product_img_tbl.product_img_id SEPARATOR ", ") as product_img
FROM `product_tbl`
INNER JOIN `product_category_tbl` ON `product_category_tbl`.`product_category_id` = `product_tbl`.`product_category_id`
INNER JOIN `product_type_tbl` ON `product_type_tbl`.`product_type_id` = `product_tbl`.`product_type_id`
INNER JOIN `pet_tbl` ON `pet_tbl`.`pet_id` = `product_tbl`.`pet_id`
INNER JOIN `brand_tbl` ON `brand_tbl`.`brand_id` = `product_tbl`.`brand_id`
INNER JOIN `breed_tbl` ON `breed_tbl`.`breed_id` = `product_tbl`.`breed_id`
INNER JOIN `product_img_tbl` ON `product_img_tbl`.`product_id` = `product_tbl`.`product_id`
WHERE `pet_tbl`.`flag` = 1
AND `product_type_tbl`.`flag` = 1
AND `product_category_tbl`.`flag` = 1
AND `product_tbl`.`flag` = 1
AND `brand_tbl`.`flag` = 1
AND `breed_tbl`.`flag` = 1
AND `product_img_tbl`.`flag` = 1
AND `pet_tbl`.`pet_name` = \'dog\'
AND `product_type_tbl`.`type` = \'grooming\'
AND `product_category_tbl`.`category` = \'calcium & milk chews\'
GROUP BY `product_tbl`.`product_id`', 0)
 2 SYSTEMPATH\Database\BaseConnection.php(693): CodeIgniter\Database\MySQLi\Connection->execute('SELECT `product_tbl`.`product_id` as `product_id`, `product_tbl`.`pet_id` as `pet_id`, `product_tbl`.`product_price` as `product_price`, `product_tbl`.`brand_id` as `brand_id`, `product_tbl`.`breed_id` as `breed_id`, `product_tbl`.`product_type_id` as `product_type_id`, `product_tbl`.`product_category_id` as `product_category_id`, `product_tbl`.`name` as `name`, `product_tbl`.`summery` as `summery`, `product_tbl`.`description` as `description`, `product_tbl`.`instruction` as `instruction`, `pet_tbl`.`pet_name` as `pet_name`, `brand_tbl`.`brand_name` as `brand_name`, `breed_tbl`.`breed_name` as `breed_name`, `product_type_tbl`.`type` as `type`, `product_category_tbl`.`category` as `category`, GROUP_CONCAT(product_img_tbl.url ORDER BY product_img_tbl.product_img_id SEPARATOR ", ") as product_img
FROM `product_tbl`
INNER JOIN `product_category_tbl` ON `product_category_tbl`.`product_category_id` = `product_tbl`.`product_category_id`
INNER JOIN `product_type_tbl` ON `product_type_tbl`.`product_type_id` = `product_tbl`.`product_type_id`
INNER JOIN `pet_tbl` ON `pet_tbl`.`pet_id` = `product_tbl`.`pet_id`
INNER JOIN `brand_tbl` ON `brand_tbl`.`brand_id` = `product_tbl`.`brand_id`
INNER JOIN `breed_tbl` ON `breed_tbl`.`breed_id` = `product_tbl`.`breed_id`
INNER JOIN `product_img_tbl` ON `product_img_tbl`.`product_id` = `product_tbl`.`product_id`
WHERE `pet_tbl`.`flag` = 1
AND `product_type_tbl`.`flag` = 1
AND `product_category_tbl`.`flag` = 1
AND `product_tbl`.`flag` = 1
AND `brand_tbl`.`flag` = 1
AND `breed_tbl`.`flag` = 1
AND `product_img_tbl`.`flag` = 1
AND `pet_tbl`.`pet_name` = \'dog\'
AND `product_type_tbl`.`type` = \'grooming\'
AND `product_category_tbl`.`category` = \'calcium & milk chews\'
GROUP BY `product_tbl`.`product_id`')
 3 SYSTEMPATH\Database\BaseConnection.php(607): CodeIgniter\Database\BaseConnection->simpleQuery('SELECT `product_tbl`.`product_id` as `product_id`, `product_tbl`.`pet_id` as `pet_id`, `product_tbl`.`product_price` as `product_price`, `product_tbl`.`brand_id` as `brand_id`, `product_tbl`.`breed_id` as `breed_id`, `product_tbl`.`product_type_id` as `product_type_id`, `product_tbl`.`product_category_id` as `product_category_id`, `product_tbl`.`name` as `name`, `product_tbl`.`summery` as `summery`, `product_tbl`.`description` as `description`, `product_tbl`.`instruction` as `instruction`, `pet_tbl`.`pet_name` as `pet_name`, `brand_tbl`.`brand_name` as `brand_name`, `breed_tbl`.`breed_name` as `breed_name`, `product_type_tbl`.`type` as `type`, `product_category_tbl`.`category` as `category`, GROUP_CONCAT(product_img_tbl.url ORDER BY product_img_tbl.product_img_id SEPARATOR ", ") as product_img
FROM `product_tbl`
INNER JOIN `product_category_tbl` ON `product_category_tbl`.`product_category_id` = `product_tbl`.`product_category_id`
INNER JOIN `product_type_tbl` ON `product_type_tbl`.`product_type_id` = `product_tbl`.`product_type_id`
INNER JOIN `pet_tbl` ON `pet_tbl`.`pet_id` = `product_tbl`.`pet_id`
INNER JOIN `brand_tbl` ON `brand_tbl`.`brand_id` = `product_tbl`.`brand_id`
INNER JOIN `breed_tbl` ON `breed_tbl`.`breed_id` = `product_tbl`.`breed_id`
INNER JOIN `product_img_tbl` ON `product_img_tbl`.`product_id` = `product_tbl`.`product_id`
WHERE `pet_tbl`.`flag` = 1
AND `product_type_tbl`.`flag` = 1
AND `product_category_tbl`.`flag` = 1
AND `product_tbl`.`flag` = 1
AND `brand_tbl`.`flag` = 1
AND `breed_tbl`.`flag` = 1
AND `product_img_tbl`.`flag` = 1
AND `pet_tbl`.`pet_name` = \'dog\'
AND `product_type_tbl`.`type` = \'grooming\'
AND `product_category_tbl`.`category` = \'calcium & milk chews\'
GROUP BY `product_tbl`.`product_id`')
 4 SYSTEMPATH\Database\BaseBuilder.php(1616): CodeIgniter\Database\BaseConnection->query('SELECT `product_tbl`.`product_id` as `product_id`, `product_tbl`.`pet_id` as `pet_id`, `product_tbl`.`product_price` as `product_price`, `product_tbl`.`brand_id` as `brand_id`, `product_tbl`.`breed_id` as `breed_id`, `product_tbl`.`product_type_id` as `product_type_id`, `product_tbl`.`product_category_id` as `product_category_id`, `product_tbl`.`name` as `name`, `product_tbl`.`summery` as `summery`, `product_tbl`.`description` as `description`, `product_tbl`.`instruction` as `instruction`, `pet_tbl`.`pet_name` as `pet_name`, `brand_tbl`.`brand_name` as `brand_name`, `breed_tbl`.`breed_name` as `breed_name`, `product_type_tbl`.`type` as `type`, `product_category_tbl`.`category` as `category`, GROUP_CONCAT(product_img_tbl.url ORDER BY product_img_tbl.product_img_id SEPARATOR ", ") as product_img
FROM `product_tbl`
INNER JOIN `product_category_tbl` ON `product_category_tbl`.`product_category_id` = `product_tbl`.`product_category_id`
INNER JOIN `product_type_tbl` ON `product_type_tbl`.`product_type_id` = `product_tbl`.`product_type_id`
INNER JOIN `pet_tbl` ON `pet_tbl`.`pet_id` = `product_tbl`.`pet_id`
INNER JOIN `brand_tbl` ON `brand_tbl`.`brand_id` = `product_tbl`.`brand_id`
INNER JOIN `breed_tbl` ON `breed_tbl`.`breed_id` = `product_tbl`.`breed_id`
INNER JOIN `product_img_tbl` ON `product_img_tbl`.`product_id` = `product_tbl`.`product_id`
WHERE `pet_tbl`.`flag` = :pet_tbl.flag:
AND `product_type_tbl`.`flag` = :product_type_tbl.flag:
AND `product_category_tbl`.`flag` = :product_category_tbl.flag:
AND `product_tbl`.`flag` = :product_tbl.flag:
AND `brand_tbl`.`flag` = :brand_tbl.flag:
AND `breed_tbl`.`flag` = :breed_tbl.flag:
AND `product_img_tbl`.`flag` = :product_img_tbl.flag:
AND `pet_tbl`.`pet_name` = :pet_tbl.pet_name:
AND `product_type_tbl`.`type` = :product_type_tbl.type:
AND `product_category_tbl`.`category` = :product_category_tbl.category:
GROUP BY `product_tbl`.`product_id`', [...], false)
 5 APPPATH\Controllers\Workflow_Product.php(123): CodeIgniter\Database\BaseBuilder->get()
 6 SYSTEMPATH\CodeIgniter.php(941): App\Controllers\Workflow_Product->getSpecificProduct()
 7 SYSTEMPATH\CodeIgniter.php(502): CodeIgniter\CodeIgniter->runController(Object(App\Controllers\Workflow_Product))
 8 SYSTEMPATH\CodeIgniter.php(361): CodeIgniter\CodeIgniter->handleRequest(null, Object(Config\Cache), false)
 9 FCPATH\index.php(79): CodeIgniter\CodeIgniter->run()
ERROR - 2024-10-24 15:56:38 --> mysqli_sql_exception: Unknown column 'product_tbl.product_price' in 'field list' in C:\xampp\htdocs\projects\petz24\system\Database\MySQLi\Connection.php:306
Stack trace:
#0 C:\xampp\htdocs\projects\petz24\system\Database\MySQLi\Connection.php(306): mysqli->query('SELECT `product...', 0)
#1 C:\xampp\htdocs\projects\petz24\system\Database\BaseConnection.php(693): CodeIgniter\Database\MySQLi\Connection->execute('SELECT `product...')
#2 C:\xampp\htdocs\projects\petz24\system\Database\BaseConnection.php(607): CodeIgniter\Database\BaseConnection->simpleQuery('SELECT `product...')
#3 C:\xampp\htdocs\projects\petz24\system\Database\BaseBuilder.php(1616): CodeIgniter\Database\BaseConnection->query('SELECT `product...', Array, false)
#4 C:\xampp\htdocs\projects\petz24\app\Controllers\Workflow_Product.php(123): CodeIgniter\Database\BaseBuilder->get()
#5 C:\xampp\htdocs\projects\petz24\system\CodeIgniter.php(941): App\Controllers\Workflow_Product->getSpecificProduct()
#6 C:\xampp\htdocs\projects\petz24\system\CodeIgniter.php(502): CodeIgniter\CodeIgniter->runController(Object(App\Controllers\Workflow_Product))
#7 C:\xampp\htdocs\projects\petz24\system\CodeIgniter.php(361): CodeIgniter\CodeIgniter->handleRequest(NULL, Object(Config\Cache), false)
#8 C:\xampp\htdocs\projects\petz24\index.php(79): CodeIgniter\CodeIgniter->run()
#9 {main}
CRITICAL - 2024-10-24 15:56:38 --> CodeIgniter\Database\Exceptions\DatabaseException: Unknown column 'product_tbl.product_price' in 'field list'
in SYSTEMPATH\Database\BaseConnection.php on line 647.
 1 SYSTEMPATH\Database\BaseBuilder.php(1616): CodeIgniter\Database\BaseConnection->query('SELECT `product_tbl`.`product_id` as `product_id`, `product_tbl`.`pet_id` as `pet_id`, `product_tbl`.`product_price` as `product_price`, `product_tbl`.`brand_id` as `brand_id`, `product_tbl`.`breed_id` as `breed_id`, `product_tbl`.`product_type_id` as `product_type_id`, `product_tbl`.`product_category_id` as `product_category_id`, `product_tbl`.`name` as `name`, `product_tbl`.`summery` as `summery`, `product_tbl`.`description` as `description`, `product_tbl`.`instruction` as `instruction`, `pet_tbl`.`pet_name` as `pet_name`, `brand_tbl`.`brand_name` as `brand_name`, `breed_tbl`.`breed_name` as `breed_name`, `product_type_tbl`.`type` as `type`, `product_category_tbl`.`category` as `category`, GROUP_CONCAT(product_img_tbl.url ORDER BY product_img_tbl.product_img_id SEPARATOR ", ") as product_img
FROM `product_tbl`
INNER JOIN `product_category_tbl` ON `product_category_tbl`.`product_category_id` = `product_tbl`.`product_category_id`
INNER JOIN `product_type_tbl` ON `product_type_tbl`.`product_type_id` = `product_tbl`.`product_type_id`
INNER JOIN `pet_tbl` ON `pet_tbl`.`pet_id` = `product_tbl`.`pet_id`
INNER JOIN `brand_tbl` ON `brand_tbl`.`brand_id` = `product_tbl`.`brand_id`
INNER JOIN `breed_tbl` ON `breed_tbl`.`breed_id` = `product_tbl`.`breed_id`
INNER JOIN `product_img_tbl` ON `product_img_tbl`.`product_id` = `product_tbl`.`product_id`
WHERE `pet_tbl`.`flag` = :pet_tbl.flag:
AND `product_type_tbl`.`flag` = :product_type_tbl.flag:
AND `product_category_tbl`.`flag` = :product_category_tbl.flag:
AND `product_tbl`.`flag` = :product_tbl.flag:
AND `brand_tbl`.`flag` = :brand_tbl.flag:
AND `breed_tbl`.`flag` = :breed_tbl.flag:
AND `product_img_tbl`.`flag` = :product_img_tbl.flag:
AND `pet_tbl`.`pet_name` = :pet_tbl.pet_name:
AND `product_type_tbl`.`type` = :product_type_tbl.type:
AND `product_category_tbl`.`category` = :product_category_tbl.category:
GROUP BY `product_tbl`.`product_id`', [...], false)
 2 APPPATH\Controllers\Workflow_Product.php(123): CodeIgniter\Database\BaseBuilder->get()
 3 SYSTEMPATH\CodeIgniter.php(941): App\Controllers\Workflow_Product->getSpecificProduct()
 4 SYSTEMPATH\CodeIgniter.php(502): CodeIgniter\CodeIgniter->runController(Object(App\Controllers\Workflow_Product))
 5 SYSTEMPATH\CodeIgniter.php(361): CodeIgniter\CodeIgniter->handleRequest(null, Object(Config\Cache), false)
 6 FCPATH\index.php(79): CodeIgniter\CodeIgniter->run()
CRITICAL - 2024-10-24 15:56:38 --> [Caused by] CodeIgniter\Database\Exceptions\DatabaseException: Unknown column 'product_tbl.product_price' in 'field list'
in SYSTEMPATH\Database\MySQLi\Connection.php on line 311.
 1 SYSTEMPATH\Database\BaseConnection.php(693): CodeIgniter\Database\MySQLi\Connection->execute('SELECT `product_tbl`.`product_id` as `product_id`, `product_tbl`.`pet_id` as `pet_id`, `product_tbl`.`product_price` as `product_price`, `product_tbl`.`brand_id` as `brand_id`, `product_tbl`.`breed_id` as `breed_id`, `product_tbl`.`product_type_id` as `product_type_id`, `product_tbl`.`product_category_id` as `product_category_id`, `product_tbl`.`name` as `name`, `product_tbl`.`summery` as `summery`, `product_tbl`.`description` as `description`, `product_tbl`.`instruction` as `instruction`, `pet_tbl`.`pet_name` as `pet_name`, `brand_tbl`.`brand_name` as `brand_name`, `breed_tbl`.`breed_name` as `breed_name`, `product_type_tbl`.`type` as `type`, `product_category_tbl`.`category` as `category`, GROUP_CONCAT(product_img_tbl.url ORDER BY product_img_tbl.product_img_id SEPARATOR ", ") as product_img
FROM `product_tbl`
INNER JOIN `product_category_tbl` ON `product_category_tbl`.`product_category_id` = `product_tbl`.`product_category_id`
INNER JOIN `product_type_tbl` ON `product_type_tbl`.`product_type_id` = `product_tbl`.`product_type_id`
INNER JOIN `pet_tbl` ON `pet_tbl`.`pet_id` = `product_tbl`.`pet_id`
INNER JOIN `brand_tbl` ON `brand_tbl`.`brand_id` = `product_tbl`.`brand_id`
INNER JOIN `breed_tbl` ON `breed_tbl`.`breed_id` = `product_tbl`.`breed_id`
INNER JOIN `product_img_tbl` ON `product_img_tbl`.`product_id` = `product_tbl`.`product_id`
WHERE `pet_tbl`.`flag` = 1
AND `product_type_tbl`.`flag` = 1
AND `product_category_tbl`.`flag` = 1
AND `product_tbl`.`flag` = 1
AND `brand_tbl`.`flag` = 1
AND `breed_tbl`.`flag` = 1
AND `product_img_tbl`.`flag` = 1
AND `pet_tbl`.`pet_name` = \'dog\'
AND `product_type_tbl`.`type` = \'toys\'
AND `product_category_tbl`.`category` = \'plush toys\'
GROUP BY `product_tbl`.`product_id`')
 2 SYSTEMPATH\Database\BaseConnection.php(607): CodeIgniter\Database\BaseConnection->simpleQuery('SELECT `product_tbl`.`product_id` as `product_id`, `product_tbl`.`pet_id` as `pet_id`, `product_tbl`.`product_price` as `product_price`, `product_tbl`.`brand_id` as `brand_id`, `product_tbl`.`breed_id` as `breed_id`, `product_tbl`.`product_type_id` as `product_type_id`, `product_tbl`.`product_category_id` as `product_category_id`, `product_tbl`.`name` as `name`, `product_tbl`.`summery` as `summery`, `product_tbl`.`description` as `description`, `product_tbl`.`instruction` as `instruction`, `pet_tbl`.`pet_name` as `pet_name`, `brand_tbl`.`brand_name` as `brand_name`, `breed_tbl`.`breed_name` as `breed_name`, `product_type_tbl`.`type` as `type`, `product_category_tbl`.`category` as `category`, GROUP_CONCAT(product_img_tbl.url ORDER BY product_img_tbl.product_img_id SEPARATOR ", ") as product_img
FROM `product_tbl`
INNER JOIN `product_category_tbl` ON `product_category_tbl`.`product_category_id` = `product_tbl`.`product_category_id`
INNER JOIN `product_type_tbl` ON `product_type_tbl`.`product_type_id` = `product_tbl`.`product_type_id`
INNER JOIN `pet_tbl` ON `pet_tbl`.`pet_id` = `product_tbl`.`pet_id`
INNER JOIN `brand_tbl` ON `brand_tbl`.`brand_id` = `product_tbl`.`brand_id`
INNER JOIN `breed_tbl` ON `breed_tbl`.`breed_id` = `product_tbl`.`breed_id`
INNER JOIN `product_img_tbl` ON `product_img_tbl`.`product_id` = `product_tbl`.`product_id`
WHERE `pet_tbl`.`flag` = 1
AND `product_type_tbl`.`flag` = 1
AND `product_category_tbl`.`flag` = 1
AND `product_tbl`.`flag` = 1
AND `brand_tbl`.`flag` = 1
AND `breed_tbl`.`flag` = 1
AND `product_img_tbl`.`flag` = 1
AND `pet_tbl`.`pet_name` = \'dog\'
AND `product_type_tbl`.`type` = \'toys\'
AND `product_category_tbl`.`category` = \'plush toys\'
GROUP BY `product_tbl`.`product_id`')
 3 SYSTEMPATH\Database\BaseBuilder.php(1616): CodeIgniter\Database\BaseConnection->query('SELECT `product_tbl`.`product_id` as `product_id`, `product_tbl`.`pet_id` as `pet_id`, `product_tbl`.`product_price` as `product_price`, `product_tbl`.`brand_id` as `brand_id`, `product_tbl`.`breed_id` as `breed_id`, `product_tbl`.`product_type_id` as `product_type_id`, `product_tbl`.`product_category_id` as `product_category_id`, `product_tbl`.`name` as `name`, `product_tbl`.`summery` as `summery`, `product_tbl`.`description` as `description`, `product_tbl`.`instruction` as `instruction`, `pet_tbl`.`pet_name` as `pet_name`, `brand_tbl`.`brand_name` as `brand_name`, `breed_tbl`.`breed_name` as `breed_name`, `product_type_tbl`.`type` as `type`, `product_category_tbl`.`category` as `category`, GROUP_CONCAT(product_img_tbl.url ORDER BY product_img_tbl.product_img_id SEPARATOR ", ") as product_img
FROM `product_tbl`
INNER JOIN `product_category_tbl` ON `product_category_tbl`.`product_category_id` = `product_tbl`.`product_category_id`
INNER JOIN `product_type_tbl` ON `product_type_tbl`.`product_type_id` = `product_tbl`.`product_type_id`
INNER JOIN `pet_tbl` ON `pet_tbl`.`pet_id` = `product_tbl`.`pet_id`
INNER JOIN `brand_tbl` ON `brand_tbl`.`brand_id` = `product_tbl`.`brand_id`
INNER JOIN `breed_tbl` ON `breed_tbl`.`breed_id` = `product_tbl`.`breed_id`
INNER JOIN `product_img_tbl` ON `product_img_tbl`.`product_id` = `product_tbl`.`product_id`
WHERE `pet_tbl`.`flag` = :pet_tbl.flag:
AND `product_type_tbl`.`flag` = :product_type_tbl.flag:
AND `product_category_tbl`.`flag` = :product_category_tbl.flag:
AND `product_tbl`.`flag` = :product_tbl.flag:
AND `brand_tbl`.`flag` = :brand_tbl.flag:
AND `breed_tbl`.`flag` = :breed_tbl.flag:
AND `product_img_tbl`.`flag` = :product_img_tbl.flag:
AND `pet_tbl`.`pet_name` = :pet_tbl.pet_name:
AND `product_type_tbl`.`type` = :product_type_tbl.type:
AND `product_category_tbl`.`category` = :product_category_tbl.category:
GROUP BY `product_tbl`.`product_id`', [...], false)
 4 APPPATH\Controllers\Workflow_Product.php(123): CodeIgniter\Database\BaseBuilder->get()
 5 SYSTEMPATH\CodeIgniter.php(941): App\Controllers\Workflow_Product->getSpecificProduct()
 6 SYSTEMPATH\CodeIgniter.php(502): CodeIgniter\CodeIgniter->runController(Object(App\Controllers\Workflow_Product))
 7 SYSTEMPATH\CodeIgniter.php(361): CodeIgniter\CodeIgniter->handleRequest(null, Object(Config\Cache), false)
 8 FCPATH\index.php(79): CodeIgniter\CodeIgniter->run()
CRITICAL - 2024-10-24 15:56:38 --> [Caused by] mysqli_sql_exception: Unknown column 'product_tbl.product_price' in 'field list'
in SYSTEMPATH\Database\MySQLi\Connection.php on line 306.
 1 SYSTEMPATH\Database\MySQLi\Connection.php(306): mysqli->query('SELECT `product_tbl`.`product_id` as `product_id`, `product_tbl`.`pet_id` as `pet_id`, `product_tbl`.`product_price` as `product_price`, `product_tbl`.`brand_id` as `brand_id`, `product_tbl`.`breed_id` as `breed_id`, `product_tbl`.`product_type_id` as `product_type_id`, `product_tbl`.`product_category_id` as `product_category_id`, `product_tbl`.`name` as `name`, `product_tbl`.`summery` as `summery`, `product_tbl`.`description` as `description`, `product_tbl`.`instruction` as `instruction`, `pet_tbl`.`pet_name` as `pet_name`, `brand_tbl`.`brand_name` as `brand_name`, `breed_tbl`.`breed_name` as `breed_name`, `product_type_tbl`.`type` as `type`, `product_category_tbl`.`category` as `category`, GROUP_CONCAT(product_img_tbl.url ORDER BY product_img_tbl.product_img_id SEPARATOR ", ") as product_img
FROM `product_tbl`
INNER JOIN `product_category_tbl` ON `product_category_tbl`.`product_category_id` = `product_tbl`.`product_category_id`
INNER JOIN `product_type_tbl` ON `product_type_tbl`.`product_type_id` = `product_tbl`.`product_type_id`
INNER JOIN `pet_tbl` ON `pet_tbl`.`pet_id` = `product_tbl`.`pet_id`
INNER JOIN `brand_tbl` ON `brand_tbl`.`brand_id` = `product_tbl`.`brand_id`
INNER JOIN `breed_tbl` ON `breed_tbl`.`breed_id` = `product_tbl`.`breed_id`
INNER JOIN `product_img_tbl` ON `product_img_tbl`.`product_id` = `product_tbl`.`product_id`
WHERE `pet_tbl`.`flag` = 1
AND `product_type_tbl`.`flag` = 1
AND `product_category_tbl`.`flag` = 1
AND `product_tbl`.`flag` = 1
AND `brand_tbl`.`flag` = 1
AND `breed_tbl`.`flag` = 1
AND `product_img_tbl`.`flag` = 1
AND `pet_tbl`.`pet_name` = \'dog\'
AND `product_type_tbl`.`type` = \'toys\'
AND `product_category_tbl`.`category` = \'plush toys\'
GROUP BY `product_tbl`.`product_id`', 0)
 2 SYSTEMPATH\Database\BaseConnection.php(693): CodeIgniter\Database\MySQLi\Connection->execute('SELECT `product_tbl`.`product_id` as `product_id`, `product_tbl`.`pet_id` as `pet_id`, `product_tbl`.`product_price` as `product_price`, `product_tbl`.`brand_id` as `brand_id`, `product_tbl`.`breed_id` as `breed_id`, `product_tbl`.`product_type_id` as `product_type_id`, `product_tbl`.`product_category_id` as `product_category_id`, `product_tbl`.`name` as `name`, `product_tbl`.`summery` as `summery`, `product_tbl`.`description` as `description`, `product_tbl`.`instruction` as `instruction`, `pet_tbl`.`pet_name` as `pet_name`, `brand_tbl`.`brand_name` as `brand_name`, `breed_tbl`.`breed_name` as `breed_name`, `product_type_tbl`.`type` as `type`, `product_category_tbl`.`category` as `category`, GROUP_CONCAT(product_img_tbl.url ORDER BY product_img_tbl.product_img_id SEPARATOR ", ") as product_img
FROM `product_tbl`
INNER JOIN `product_category_tbl` ON `product_category_tbl`.`product_category_id` = `product_tbl`.`product_category_id`
INNER JOIN `product_type_tbl` ON `product_type_tbl`.`product_type_id` = `product_tbl`.`product_type_id`
INNER JOIN `pet_tbl` ON `pet_tbl`.`pet_id` = `product_tbl`.`pet_id`
INNER JOIN `brand_tbl` ON `brand_tbl`.`brand_id` = `product_tbl`.`brand_id`
INNER JOIN `breed_tbl` ON `breed_tbl`.`breed_id` = `product_tbl`.`breed_id`
INNER JOIN `product_img_tbl` ON `product_img_tbl`.`product_id` = `product_tbl`.`product_id`
WHERE `pet_tbl`.`flag` = 1
AND `product_type_tbl`.`flag` = 1
AND `product_category_tbl`.`flag` = 1
AND `product_tbl`.`flag` = 1
AND `brand_tbl`.`flag` = 1
AND `breed_tbl`.`flag` = 1
AND `product_img_tbl`.`flag` = 1
AND `pet_tbl`.`pet_name` = \'dog\'
AND `product_type_tbl`.`type` = \'toys\'
AND `product_category_tbl`.`category` = \'plush toys\'
GROUP BY `product_tbl`.`product_id`')
 3 SYSTEMPATH\Database\BaseConnection.php(607): CodeIgniter\Database\BaseConnection->simpleQuery('SELECT `product_tbl`.`product_id` as `product_id`, `product_tbl`.`pet_id` as `pet_id`, `product_tbl`.`product_price` as `product_price`, `product_tbl`.`brand_id` as `brand_id`, `product_tbl`.`breed_id` as `breed_id`, `product_tbl`.`product_type_id` as `product_type_id`, `product_tbl`.`product_category_id` as `product_category_id`, `product_tbl`.`name` as `name`, `product_tbl`.`summery` as `summery`, `product_tbl`.`description` as `description`, `product_tbl`.`instruction` as `instruction`, `pet_tbl`.`pet_name` as `pet_name`, `brand_tbl`.`brand_name` as `brand_name`, `breed_tbl`.`breed_name` as `breed_name`, `product_type_tbl`.`type` as `type`, `product_category_tbl`.`category` as `category`, GROUP_CONCAT(product_img_tbl.url ORDER BY product_img_tbl.product_img_id SEPARATOR ", ") as product_img
FROM `product_tbl`
INNER JOIN `product_category_tbl` ON `product_category_tbl`.`product_category_id` = `product_tbl`.`product_category_id`
INNER JOIN `product_type_tbl` ON `product_type_tbl`.`product_type_id` = `product_tbl`.`product_type_id`
INNER JOIN `pet_tbl` ON `pet_tbl`.`pet_id` = `product_tbl`.`pet_id`
INNER JOIN `brand_tbl` ON `brand_tbl`.`brand_id` = `product_tbl`.`brand_id`
INNER JOIN `breed_tbl` ON `breed_tbl`.`breed_id` = `product_tbl`.`breed_id`
INNER JOIN `product_img_tbl` ON `product_img_tbl`.`product_id` = `product_tbl`.`product_id`
WHERE `pet_tbl`.`flag` = 1
AND `product_type_tbl`.`flag` = 1
AND `product_category_tbl`.`flag` = 1
AND `product_tbl`.`flag` = 1
AND `brand_tbl`.`flag` = 1
AND `breed_tbl`.`flag` = 1
AND `product_img_tbl`.`flag` = 1
AND `pet_tbl`.`pet_name` = \'dog\'
AND `product_type_tbl`.`type` = \'toys\'
AND `product_category_tbl`.`category` = \'plush toys\'
GROUP BY `product_tbl`.`product_id`')
 4 SYSTEMPATH\Database\BaseBuilder.php(1616): CodeIgniter\Database\BaseConnection->query('SELECT `product_tbl`.`product_id` as `product_id`, `product_tbl`.`pet_id` as `pet_id`, `product_tbl`.`product_price` as `product_price`, `product_tbl`.`brand_id` as `brand_id`, `product_tbl`.`breed_id` as `breed_id`, `product_tbl`.`product_type_id` as `product_type_id`, `product_tbl`.`product_category_id` as `product_category_id`, `product_tbl`.`name` as `name`, `product_tbl`.`summery` as `summery`, `product_tbl`.`description` as `description`, `product_tbl`.`instruction` as `instruction`, `pet_tbl`.`pet_name` as `pet_name`, `brand_tbl`.`brand_name` as `brand_name`, `breed_tbl`.`breed_name` as `breed_name`, `product_type_tbl`.`type` as `type`, `product_category_tbl`.`category` as `category`, GROUP_CONCAT(product_img_tbl.url ORDER BY product_img_tbl.product_img_id SEPARATOR ", ") as product_img
FROM `product_tbl`
INNER JOIN `product_category_tbl` ON `product_category_tbl`.`product_category_id` = `product_tbl`.`product_category_id`
INNER JOIN `product_type_tbl` ON `product_type_tbl`.`product_type_id` = `product_tbl`.`product_type_id`
INNER JOIN `pet_tbl` ON `pet_tbl`.`pet_id` = `product_tbl`.`pet_id`
INNER JOIN `brand_tbl` ON `brand_tbl`.`brand_id` = `product_tbl`.`brand_id`
INNER JOIN `breed_tbl` ON `breed_tbl`.`breed_id` = `product_tbl`.`breed_id`
INNER JOIN `product_img_tbl` ON `product_img_tbl`.`product_id` = `product_tbl`.`product_id`
WHERE `pet_tbl`.`flag` = :pet_tbl.flag:
AND `product_type_tbl`.`flag` = :product_type_tbl.flag:
AND `product_category_tbl`.`flag` = :product_category_tbl.flag:
AND `product_tbl`.`flag` = :product_tbl.flag:
AND `brand_tbl`.`flag` = :brand_tbl.flag:
AND `breed_tbl`.`flag` = :breed_tbl.flag:
AND `product_img_tbl`.`flag` = :product_img_tbl.flag:
AND `pet_tbl`.`pet_name` = :pet_tbl.pet_name:
AND `product_type_tbl`.`type` = :product_type_tbl.type:
AND `product_category_tbl`.`category` = :product_category_tbl.category:
GROUP BY `product_tbl`.`product_id`', [...], false)
 5 APPPATH\Controllers\Workflow_Product.php(123): CodeIgniter\Database\BaseBuilder->get()
 6 SYSTEMPATH\CodeIgniter.php(941): App\Controllers\Workflow_Product->getSpecificProduct()
 7 SYSTEMPATH\CodeIgniter.php(502): CodeIgniter\CodeIgniter->runController(Object(App\Controllers\Workflow_Product))
 8 SYSTEMPATH\CodeIgniter.php(361): CodeIgniter\CodeIgniter->handleRequest(null, Object(Config\Cache), false)
 9 FCPATH\index.php(79): CodeIgniter\CodeIgniter->run()
CRITICAL - 2024-10-24 16:37:49 --> ErrorException: Undefined variable $menuItems
in APPPATH\Views\components\header.php on line 53.
 1 APPPATH\Views\components\header.php(53): CodeIgniter\Debug\Exceptions->errorHandler(2, 'Undefined variable $menuItems', 'C:\\xampp\\htdocs\\projects\\petz24\\app\\Views\\components\\header.php', 53)
 2 APPPATH\Views\addpet.php(7): require('C:\\xampp\\htdocs\\projects\\petz24\\app\\Views\\components\\header.php')
 3 SYSTEMPATH\View\View.php(228): include('C:\\xampp\\htdocs\\projects\\petz24\\app\\Views\\addpet.php')
 4 SYSTEMPATH\View\View.php(231): CodeIgniter\View\View->CodeIgniter\View\{closure}()
 5 SYSTEMPATH\Common.php(1178): CodeIgniter\View\View->render('addpet', [], true)
 6 APPPATH\Controllers\BaseAction.php(85): view('addpet')
 7 SYSTEMPATH\CodeIgniter.php(941): App\Controllers\BaseAction->addpet()
 8 SYSTEMPATH\CodeIgniter.php(502): CodeIgniter\CodeIgniter->runController(Object(App\Controllers\BaseAction))
 9 SYSTEMPATH\CodeIgniter.php(361): CodeIgniter\CodeIgniter->handleRequest(null, Object(Config\Cache), false)
10 FCPATH\index.php(79): CodeIgniter\CodeIgniter->run()
