CRITICAL - 2024-08-26 04:33:03 --> ErrorException: require(components/js.php): Failed to open stream: No such file or directory
in APPPATH\Views\product.php on line 440.
 1 APPPATH\Views\product.php(440): CodeIgniter\Debug\Exceptions->errorHandler(2, 'require(components/js.php): Failed to open stream: No such file or directory', 'C:\\xampp\\htdocs\\projects\\petz24\\app\\Views\\product.php', 440)
 2 APPPATH\Views\product.php(440): require()
 3 SYSTEMPATH\View\View.php(228): include('C:\\xampp\\htdocs\\projects\\petz24\\app\\Views\\product.php')
 4 SYSTEMPATH\View\View.php(231): CodeIgniter\View\View->CodeIgniter\View\{closure}()
 5 SYSTEMPATH\Common.php(1178): CodeIgniter\View\View->render('product', [], true)
 6 APPPATH\Controllers\BaseAction.php(15): view('product')
 7 SYSTEMPATH\CodeIgniter.php(941): App\Controllers\BaseAction->product()
 8 SYSTEMPATH\CodeIgniter.php(502): CodeIgniter\CodeIgniter->runController(Object(App\Controllers\BaseAction))
 9 SYSTEMPATH\CodeIgniter.php(361): CodeIgniter\CodeIgniter->handleRequest(null, Object(Config\Cache), false)
10 FCPATH\index.php(79): CodeIgniter\CodeIgniter->run()
CRITICAL - 2024-08-26 04:33:06 --> ErrorException: require(components/js.php): Failed to open stream: No such file or directory
in APPPATH\Views\product.php on line 440.
 1 APPPATH\Views\product.php(440): CodeIgniter\Debug\Exceptions->errorHandler(2, 'require(components/js.php): Failed to open stream: No such file or directory', 'C:\\xampp\\htdocs\\projects\\petz24\\app\\Views\\product.php', 440)
 2 APPPATH\Views\product.php(440): require()
 3 SYSTEMPATH\View\View.php(228): include('C:\\xampp\\htdocs\\projects\\petz24\\app\\Views\\product.php')
 4 SYSTEMPATH\View\View.php(231): CodeIgniter\View\View->CodeIgniter\View\{closure}()
 5 SYSTEMPATH\Common.php(1178): CodeIgniter\View\View->render('product', [], true)
 6 APPPATH\Controllers\BaseAction.php(15): view('product')
 7 SYSTEMPATH\CodeIgniter.php(941): App\Controllers\BaseAction->product()
 8 SYSTEMPATH\CodeIgniter.php(502): CodeIgniter\CodeIgniter->runController(Object(App\Controllers\BaseAction))
 9 SYSTEMPATH\CodeIgniter.php(361): CodeIgniter\CodeIgniter->handleRequest(null, Object(Config\Cache), false)
10 FCPATH\index.php(79): CodeIgniter\CodeIgniter->run()
CRITICAL - 2024-08-26 04:33:51 --> ErrorException: require(components/js.php): Failed to open stream: No such file or directory
in APPPATH\Views\product.php on line 440.
 1 APPPATH\Views\product.php(440): CodeIgniter\Debug\Exceptions->errorHandler(2, 'require(components/js.php): Failed to open stream: No such file or directory', 'C:\\xampp\\htdocs\\projects\\petz24\\app\\Views\\product.php', 440)
 2 APPPATH\Views\product.php(440): require()
 3 SYSTEMPATH\View\View.php(228): include('C:\\xampp\\htdocs\\projects\\petz24\\app\\Views\\product.php')
 4 SYSTEMPATH\View\View.php(231): CodeIgniter\View\View->CodeIgniter\View\{closure}()
 5 SYSTEMPATH\Common.php(1178): CodeIgniter\View\View->render('product', [], true)
 6 APPPATH\Controllers\BaseAction.php(15): view('product')
 7 SYSTEMPATH\CodeIgniter.php(941): App\Controllers\BaseAction->product()
 8 SYSTEMPATH\CodeIgniter.php(502): CodeIgniter\CodeIgniter->runController(Object(App\Controllers\BaseAction))
 9 SYSTEMPATH\CodeIgniter.php(361): CodeIgniter\CodeIgniter->handleRequest(null, Object(Config\Cache), false)
10 FCPATH\index.php(79): CodeIgniter\CodeIgniter->run()
